<?xml version="1.0" encoding="UTF-8"?>
<testsuite xmlns:xsi="http://www.w3.org/2001/XMLSchema-instance" xsi:schemaLocation="https://maven.apache.org/surefire/maven-surefire-plugin/xsd/surefire-test-report.xsd" name="jabberpoint.style.builder.SubtitleTwoStyleBuilderTest" time="0.01" tests="9" errors="0" skipped="0" failures="0">
  <properties>
    <property name="idea.version" value="2023.3.3"/>
    <property name="java.runtime.name" value="OpenJDK Runtime Environment"/>
    <property name="java.vm.version" value="21.0.2+13-58"/>
    <property name="sun.boot.library.path" value="C:\Users\Caterina\.jdks\openjdk-21.0.2\bin"/>
    <property name="maven.multiModuleProjectDirectory" value="C:\Users\Caterina\Desktop\YEAR 2\Software Quality\SoftwareQuality"/>
    <property name="java.vm.vendor" value="Oracle Corporation"/>
    <property name="java.vendor.url" value="https://java.oracle.com/"/>
    <property name="guice.disable.misplaced.annotation.check" value="true"/>
    <property name="path.separator" value=";"/>
    <property name="java.vm.name" value="OpenJDK 64-Bit Server VM"/>
    <property name="sun.os.patch.level" value=""/>
    <property name="user.script" value=""/>
    <property name="user.country" value="GB"/>
    <property name="sun.java.launcher" value="SUN_STANDARD"/>
    <property name="java.vm.specification.name" value="Java Virtual Machine Specification"/>
    <property name="user.dir" value="C:\Users\Caterina\Desktop\YEAR 2\Software Quality\SoftwareQuality"/>
    <property name="java.vm.compressedOopsMode" value="Zero based"/>
    <property name="java.runtime.version" value="21.0.2+13-58"/>
    <property name="os.arch" value="amd64"/>
    <property name="java.io.tmpdir" value="C:\Users\Caterina\AppData\Local\Temp\"/>
    <property name="line.separator" value="&#10;"/>
    <property name="java.vm.specification.vendor" value="Oracle Corporation"/>
    <property name="user.variant" value=""/>
    <property name="stderr.encoding" value="UTF-8"/>
    <property name="os.name" value="Windows 11"/>
    <property name="maven.ext.class.path" value="C:\Program Files\JetBrains\IntelliJ IDEA 2023.3.3\plugins\maven\lib\maven-event-listener.jar"/>
    <property name="classworlds.conf" value="C:\Program Files\JetBrains\IntelliJ IDEA 2023.3.3\plugins\maven\lib\maven3\bin\m2.conf"/>
    <property name="sun.jnu.encoding" value="Cp1252"/>
    <property name="stdout.encoding" value="UTF-8"/>
    <property name="java.library.path" value="C:\Users\Caterina\.jdks\openjdk-21.0.2\bin;C:\WINDOWS\Sun\Java\bin;C:\WINDOWS\system32;C:\WINDOWS;C:\WINDOWS\system32;C:\WINDOWS;C:\WINDOWS\System32\Wbem;C:\WINDOWS\System32\WindowsPowerShell\v1.0\;C:\WINDOWS\System32\OpenSSH\;C:\Users\Caterina\AppData\Local\Microsoft\WindowsApps;C:\WINDOWS\AtlasModules;C:\WINDOWS\AtlasModules\Apps;C:\WINDOWS\AtlasModules\Other;C:\WINDOWS\AtlasModules\Tools;C:\WINDOWS\AtlasModules\Scripts;C:\Program Files\Git\cmd;C:\Program Files\Mullvad VPN\resources;C:\Program Files\Calibre2\;C:\Program Files\nodejs\;C:\Program Files\Docker\Docker\resources\bin;C:\Program Files\Microsoft SQL Server\150\Tools\Binn\;C:\Program Files\Microsoft SQL Server\Client SDK\ODBC\170\Tools\Binn\;C:\Program Files\dotnet\;C:\Program Files (x86)\Windows Kits\10\Windows Performance Toolkit\;C:\Program Files\Microsoft Visual Studio\2022\Community\VC\Tools\MSVC\14.39.33519\bin\Hostx64\x64;C:\Users\Caterina\AppData\Local\Programs\Python\Python312\Scripts\;C:\Users\Caterina\AppData\Local\Programs\Python\Python312\;C:\Users\Caterina\AppData\Local\Programs\Python\Launcher\;C:\Users\Caterina\AppData\Local\Microsoft\WindowsApps;C:\Users\Caterina\AppData\Local\Programs\Microsoft VS Code\bin;C:\Users\Caterina\AppData\Local\GitHubDesktop\bin;C:\Users\Caterina\AppData\Roaming\npm;C:\Users\Caterina\.dotnet\tools;."/>
    <property name="jansi.passthrough" value="true"/>
    <property name="maven.conf" value="C:\Program Files\JetBrains\IntelliJ IDEA 2023.3.3\plugins\maven\lib\maven3/conf"/>
    <property name="jdk.debug" value="release"/>
    <property name="java.class.version" value="65.0"/>
    <property name="java.specification.name" value="Java Platform API Specification"/>
    <property name="sun.management.compiler" value="HotSpot 64-Bit Tiered Compilers"/>
    <property name="os.version" value="10.0"/>
    <property name="user.home" value="C:\Users\Caterina"/>
    <property name="user.timezone" value="Europe/Rome"/>
    <property name="file.encoding" value="UTF-8"/>
    <property name="java.specification.version" value="21"/>
    <property name="user.name" value="Caterina"/>
    <property name="java.class.path" value="C:\Program Files\JetBrains\IntelliJ IDEA 2023.3.3\plugins\maven\lib\maven3\boot\plexus-classworlds-2.7.0.jar;C:\Program Files\JetBrains\IntelliJ IDEA 2023.3.3\plugins\maven\lib\maven3\boot\plexus-classworlds.license"/>
    <property name="java.vm.specification.version" value="21"/>
    <property name="sun.arch.data.model" value="64"/>
    <property name="sun.java.command" value="org.codehaus.classworlds.Launcher -Didea.version=2023.3.3 test"/>
    <property name="java.home" value="C:\Users\Caterina\.jdks\openjdk-21.0.2"/>
    <property name="user.language" value="en"/>
    <property name="java.specification.vendor" value="Oracle Corporation"/>
    <property name="java.vm.info" value="mixed mode, sharing"/>
    <property name="java.version" value="21.0.2"/>
    <property name="native.encoding" value="Cp1252"/>
    <property name="java.vendor" value="Oracle Corporation"/>
    <property name="sun.stderr.encoding" value="UTF-8"/>
    <property name="maven.home" value="C:\Program Files\JetBrains\IntelliJ IDEA 2023.3.3\plugins\maven\lib\maven3"/>
    <property name="file.separator" value="\"/>
    <property name="java.version.date" value="2024-01-16"/>
    <property name="java.vendor.url.bug" value="https://bugreport.java.com/bugreport/"/>
    <property name="sun.io.unicode.encoding" value="UnicodeLittle"/>
    <property name="sun.cpu.endian" value="little"/>
    <property name="sun.stdout.encoding" value="UTF-8"/>
    <property name="sun.cpu.isalist" value="amd64"/>
  </properties>
  <testcase name="setLeading_zero_expectNoException" classname="jabberpoint.style.builder.SubtitleTwoStyleBuilderTest" time="0"/>
  <testcase name="setLeading_one_expectNoException" classname="jabberpoint.style.builder.SubtitleTwoStyleBuilderTest" time="0"/>
  <testcase name="setFontSize_zero_expectException" classname="jabberpoint.style.builder.SubtitleTwoStyleBuilderTest" time="0"/>
  <testcase name="setIndent_zero_expectNoException" classname="jabberpoint.style.builder.SubtitleTwoStyleBuilderTest" time="0"/>
  <testcase name="setLeading_negativeOne_expectException" classname="jabberpoint.style.builder.SubtitleTwoStyleBuilderTest" time="0"/>
  <testcase name="setIndent_negativeOne_expectException" classname="jabberpoint.style.builder.SubtitleTwoStyleBuilderTest" time="0"/>
  <testcase name="setFontSize_negativeOne_expectException" classname="jabberpoint.style.builder.SubtitleTwoStyleBuilderTest" time="0.002"/>
  <testcase name="setIndent_one_expectNoException" classname="jabberpoint.style.builder.SubtitleTwoStyleBuilderTest" time="0.002"/>
  <testcase name="setFontSize_one_expectNoException" classname="jabberpoint.style.builder.SubtitleTwoStyleBuilderTest" time="0.003"/>
</testsuite>